<?xml version="1.0" encoding="UTF-8"?>
<testng-results ignored="0" total="1" passed="1" failed="0" skipped="0">
  <reporter-output>
  </reporter-output>
  <suite started-at="2024-08-17T14:48:35 IST" name="Local RUN" finished-at="2024-08-17T14:50:28 IST" duration-ms="112659">
    <groups>
      <group name="cucumber">
        <method signature="AbstractTestNGCucumberTests.runScenario(io.cucumber.testng.PickleWrapper,io.cucumber.testng.FeatureWrapper)[pri:0, instance:runner.FitPeoRunner@2bdd8394]" name="runScenario" class="io.cucumber.testng.AbstractTestNGCucumberTests"/>
      </group> <!-- cucumber -->
    </groups>
    <test started-at="2024-08-17T14:48:35 IST" name="FitPeo" finished-at="2024-08-17T14:50:28 IST" duration-ms="112659">
      <class name="runner.FitPeoRunner">
        <test-method is-config="true" signature="setUpClass(org.testng.ITestContext)[pri:0, instance:runner.FitPeoRunner@2bdd8394]" started-at="2024-08-17T14:48:35 IST" name="setUpClass" finished-at="2024-08-17T14:48:36 IST" duration-ms="558" status="PASS">
          <params>
            <param index="0">
              <value>
                <![CDATA[org.testng.TestRunner@3884e858]]>
              </value>
            </param>
          </params>
          <reporter-output>
          </reporter-output>
        </test-method> <!-- setUpClass -->
        <test-method is-config="true" signature="beforeClass(java.lang.String,java.lang.String)[pri:0, instance:runner.FitPeoRunner@2bdd8394]" started-at="2024-08-17T14:48:36 IST" name="beforeClass" finished-at="2024-08-17T14:48:45 IST" duration-ms="9008" status="PASS">
          <params>
            <param index="0">
              <value>
                <![CDATA[chrome]]>
              </value>
            </param>
            <param index="1">
              <value>
                <![CDATA[https://www.fitpeo.com]]>
              </value>
            </param>
          </params>
          <reporter-output>
          </reporter-output>
        </test-method> <!-- beforeClass -->
        <test-method signature="runScenario(io.cucumber.testng.PickleWrapper,io.cucumber.testng.FeatureWrapper)[pri:0, instance:runner.FitPeoRunner@2bdd8394]" started-at="2024-08-17T14:48:45 IST" name="runScenario" description="Runs Cucumber Scenarios" data-provider="scenarios" finished-at="2024-08-17T14:50:25 IST" duration-ms="100605" status="PASS">
          <params>
            <param index="0">
              <value>
                <![CDATA["Adjust the Slider"]]>
              </value>
            </param>
            <param index="1">
              <value>
                <![CDATA["FitPeo"]]>
              </value>
            </param>
          </params>
          <reporter-output>
          </reporter-output>
        </test-method> <!-- runScenario -->
        <test-method is-config="true" signature="afterClass()[pri:0, instance:runner.FitPeoRunner@2bdd8394]" started-at="2024-08-17T14:50:25 IST" name="afterClass" finished-at="2024-08-17T14:50:25 IST" duration-ms="127" status="PASS">
          <reporter-output>
          </reporter-output>
        </test-method> <!-- afterClass -->
        <test-method is-config="true" signature="tearDownClass()[pri:0, instance:runner.FitPeoRunner@2bdd8394]" started-at="2024-08-17T14:50:25 IST" name="tearDownClass" finished-at="2024-08-17T14:50:28 IST" duration-ms="2306" status="PASS">
          <reporter-output>
          </reporter-output>
        </test-method> <!-- tearDownClass -->
      </class> <!-- runner.FitPeoRunner -->
    </test> <!-- FitPeo -->
  </suite> <!-- Local RUN -->
</testng-results>
